22:29:42:411 [ALWAYS]	GUDE Logging Started
22:29:42:412 [INFO]	SqliteResumeCache::SqliteResumeCache basedirectory is null/empty
22:29:42:412 [ERROR]	SqliteResumeCache::CreateSqliteResumeCache creating resume cache pointer failure
22:29:42:412 [ERROR]	Initialize resume cache pointer failure
22:29:42:412 [INFO]	gude policy POLICY_USER limit (2,2,1) chunk 2097152, chunking (UL 0 DL 1), resXfer 1, adapt 0, NSURL 0, timeout 86400 
22:29:42:412 [INFO]	Initialized -- gude-lib version: v0.12.1 app: gude
22:29:44:059 [WARN]	Ignoring attempt to reinit logging to \gude at level 4 retaining 3 days of logs
22:29:44:059 [INFO]	SqliteResumeCache::SqliteResumeCache basedirectory is null/empty
22:29:44:059 [ERROR]	SqliteResumeCache::CreateSqliteResumeCache creating resume cache pointer failure
22:29:44:059 [ERROR]	Initialize resume cache pointer failure
22:29:44:059 [INFO]	gude policy POLICY_USER limit (4,4,1) chunk 2097152, chunking (UL 0 DL 1), resXfer 1, adapt 0, NSURL 1, timeout 86400 
22:29:44:059 [INFO]	Initialized -- gude-lib version: v0.12.1 app: gude
22:48:08:937 [ALWAYS]	GUDE Logging Started
22:48:08:937 [INFO]	SqliteResumeCache::SqliteResumeCache basedirectory is null/empty
22:48:08:938 [ERROR]	SqliteResumeCache::CreateSqliteResumeCache creating resume cache pointer failure
22:48:08:938 [ERROR]	Initialize resume cache pointer failure
22:48:08:938 [INFO]	gude policy POLICY_USER limit (2,2,1) chunk 2097152, chunking (UL 0 DL 1), resXfer 1, adapt 0, NSURL 0, timeout 86400 
22:48:08:938 [INFO]	Initialized -- gude-lib version: v0.12.1 app: gude
22:48:11:191 [WARN]	Ignoring attempt to reinit logging to \gude at level 4 retaining 3 days of logs
22:48:11:191 [INFO]	SqliteResumeCache::SqliteResumeCache basedirectory is null/empty
22:48:11:191 [ERROR]	SqliteResumeCache::CreateSqliteResumeCache creating resume cache pointer failure
22:48:11:191 [ERROR]	Initialize resume cache pointer failure
22:48:11:191 [INFO]	gude policy POLICY_USER limit (4,4,1) chunk 2097152, chunking (UL 0 DL 1), resXfer 1, adapt 0, NSURL 1, timeout 86400 
22:48:11:191 [INFO]	Initialized -- gude-lib version: v0.12.1 app: gude
